<?xml version="1.0" encoding="UTF-8"?>
<!-- Generated by org.testng.reporters.JUnitXMLReporter -->
<testsuite ignored="0" hostname="Suvam" failures="0" tests="4" name="TestRunner-Firefox" time="31.366" errors="0" timestamp="2024-08-01T12:57:17 IST">
  <testcase classname="com.comcast.crm.contacttest.BaseClass" name="@BeforeMethod configBM" time="0.001">
    <failure type="java.io.FileNotFoundException" message="C:\Users\suvam\eclipse-workspace\ComcastCRMGUIFramework\configAppData\commondata.properties (The system cannot find the path specified)">
      <![CDATA[java.io.FileNotFoundException: C:\Users\suvam\eclipse-workspace\ComcastCRMGUIFramework\configAppData\commondata.properties (The system cannot find the path specified)
at java.base/java.io.FileInputStream.open0(Native Method)
at java.base/java.io.FileInputStream.open(FileInputStream.java:213)
at java.base/java.io.FileInputStream.<init>(FileInputStream.java:152)
at java.base/java.io.FileInputStream.<init>(FileInputStream.java:106)
at com.comcast.generic.fileutility.FileUtility.getDataFromPropertiesFile(FileUtility.java:16)
at com.comcast.crm.contacttest.BaseClass.configBM(BaseClass.java:47)
at java.base/java.util.ArrayList.forEach(ArrayList.java:1596)
at java.base/java.util.concurrent.FutureTask.run(FutureTask.java:317)
at java.base/java.util.concurrent.ThreadPoolExecutor.runWorker(ThreadPoolExecutor.java:1144)
at java.base/java.util.concurrent.ThreadPoolExecutor$Worker.run(ThreadPoolExecutor.java:642)
at java.base/java.lang.Thread.run(Thread.java:1583)
... Removed 20 stack frames]]>
    </failure>
  </testcase> <!-- @BeforeMethod configBM -->
  <testcase classname="com.comcast.crm.contacttest.BaseClass" name="@BeforeMethod configBM" time="0.0">
    <failure type="java.io.FileNotFoundException" message="C:\Users\suvam\eclipse-workspace\ComcastCRMGUIFramework\configAppData\commondata.properties (The system cannot find the path specified)">
      <![CDATA[java.io.FileNotFoundException: C:\Users\suvam\eclipse-workspace\ComcastCRMGUIFramework\configAppData\commondata.properties (The system cannot find the path specified)
at java.base/java.io.FileInputStream.open0(Native Method)
at java.base/java.io.FileInputStream.open(FileInputStream.java:213)
at java.base/java.io.FileInputStream.<init>(FileInputStream.java:152)
at java.base/java.io.FileInputStream.<init>(FileInputStream.java:106)
at com.comcast.generic.fileutility.FileUtility.getDataFromPropertiesFile(FileUtility.java:16)
at com.comcast.crm.contacttest.BaseClass.configBM(BaseClass.java:47)
at java.base/java.util.ArrayList.forEach(ArrayList.java:1596)
at java.base/java.util.concurrent.FutureTask.run(FutureTask.java:317)
at java.base/java.util.concurrent.ThreadPoolExecutor.runWorker(ThreadPoolExecutor.java:1144)
at java.base/java.util.concurrent.ThreadPoolExecutor$Worker.run(ThreadPoolExecutor.java:642)
at java.base/java.lang.Thread.run(Thread.java:1583)
... Removed 20 stack frames]]>
    </failure>
  </testcase> <!-- @BeforeMethod configBM -->
  <testcase classname="com.comcast.crm.contacttest.BaseClass" name="@AfterMethod configAM" time="-1.722497212503E9">
    <skipped/>
  </testcase> <!-- @AfterMethod configAM -->
  <testcase classname="com.comcast.crm.contacttest.BaseClass" name="@BeforeMethod configBM" time="-1.722497212504E9">
    <skipped/>
  </testcase> <!-- @BeforeMethod configBM -->
  <testcase classname="com.comcast.crm.contacttest.BaseClass" name="@AfterMethod configAM" time="-1.722497212507E9">
    <skipped/>
  </testcase> <!-- @AfterMethod configAM -->
  <testcase classname="com.comcast.crm.contacttest.BaseClass" name="@BeforeMethod configBM" time="-1.722497212508E9">
    <skipped/>
  </testcase> <!-- @BeforeMethod configBM -->
  <testcase classname="com.comcast.crm.contacttest.BaseClass" name="@AfterMethod configAM" time="-1.722497212509E9">
    <skipped/>
  </testcase> <!-- @AfterMethod configAM -->
  <testcase classname="com.comcast.crm.contacttest.BaseClass" name="@AfterClass configAC" time="-1.72249721251E9">
    <skipped/>
  </testcase> <!-- @AfterClass configAC -->
  <testcase classname="com.comcast.crm.orgtest.OrganizationTest" name="CreateOrganizationWithPhoneNo" time="0.0">
    <skipped/>
  </testcase> <!-- CreateOrganizationWithPhoneNo -->
  <testcase classname="com.comcast.crm.orgtest.OrganizationTest" name="createOrganizationTest" time="0.0">
    <skipped/>
  </testcase> <!-- createOrganizationTest -->
  <testcase classname="com.comcast.crm.orgtest.OrganizationTest" name="reateOrganizationWithIndustries" time="0.0">
    <skipped/>
  </testcase> <!-- reateOrganizationWithIndustries -->
  <testcase classname="com.comcast.crm.contacttest.ContactTest" name="createContact" time="9.776"/>
</testsuite> <!-- TestRunner-Firefox -->
